[0726/222403.980:ERROR:process_reader_win.cc(233)] ReadMemory at 0x5564ee0 of 32768 bytes failed: 仅完成部分的 ReadProcessMemory 或 WriteProcessMemory 请求。 (0x12B)
[0726/222403.984:WARNING:pe_image_annotations_reader.cc(65)] could not read simple annotations from C:\Program Files (x86)\Google\Chrome\Application\57.0.2987.133\chrome_elf.dll
[0726/222404.222:ERROR:process_reader_win.cc(233)] ReadMemory at 0xd63000 of 53248 bytes failed: 仅完成部分的 ReadProcessMemory 或 WriteProcessMemory 请求。 (0x12B)
[0726/222404.222:ERROR:crash_report_exception_handler.cc(111)] WriteEverything failed
[0726/222404.223:ERROR:scoped_process_suspend.cc(38)] NtResumeProcess: 已尝试访问正在退出的过程。  (0xc000010a)
[0727/182746.149:ERROR:process_reader_win.cc(99)] process 1627548 not found
[0727/182746.154:ERROR:exception_snapshot_win.cc(87)] thread ID 1633156 not found in process
[0727/182746.154:WARNING:crash_report_exception_handler.cc(60)] ProcessSnapshotWin::Initialize failed
[0727/182746.154:ERROR:scoped_process_suspend.cc(38)] NtResumeProcess: 已尝试访问正在退出的过程。  (0xc000010a)
[0728/172531.852:ERROR:process_reader_win.cc(99)] process 1734008 not found
[0728/172531.852:ERROR:exception_snapshot_win.cc(87)] thread ID 1747488 not found in process
[0728/172531.852:WARNING:crash_report_exception_handler.cc(60)] ProcessSnapshotWin::Initialize failed
[0728/172531.852:ERROR:scoped_process_suspend.cc(38)] NtResumeProcess: 已尝试访问正在退出的过程。  (0xc000010a)
[0728/174141.497:ERROR:process_reader_win.cc(99)] process 1731380 not found
[0728/174141.497:ERROR:exception_snapshot_win.cc(87)] thread ID 1714456 not found in process
[0728/174141.497:WARNING:crash_report_exception_handler.cc(60)] ProcessSnapshotWin::Initialize failed
[0728/174141.497:ERROR:scoped_process_suspend.cc(38)] NtResumeProcess: 已尝试访问正在退出的过程。  (0xc000010a)
[0729/073559.817:ERROR:process_reader_win.cc(233)] ReadMemory at 0x1224870 of 32768 bytes failed: 仅完成部分的 ReadProcessMemory 或 WriteProcessMemory 请求。 (0x12B)
[0729/073559.818:WARNING:pe_image_annotations_reader.cc(65)] could not read simple annotations from C:\Program Files (x86)\Google\Chrome\Application\57.0.2987.133\chrome_elf.dll
[0729/084112.551:ERROR:process_reader_win.cc(99)] process 1782664 not found
[0729/084112.551:ERROR:exception_snapshot_win.cc(87)] thread ID 1782216 not found in process
[0729/084112.551:WARNING:crash_report_exception_handler.cc(60)] ProcessSnapshotWin::Initialize failed
[0729/084112.551:ERROR:scoped_process_suspend.cc(38)] NtResumeProcess: 已尝试访问正在退出的过程。  (0xc000010a)
[0729/085017.834:ERROR:process_info.cc(343)] VirtualQueryEx: 拒绝访问。 (0x5)
[0729/085017.837:ERROR:process_info.cc(564)] ReadMemoryInfo failed
[0729/085018.178:ERROR:process_reader_win.cc(99)] process 1785932 not found
[0729/085018.178:ERROR:exception_snapshot_win.cc(87)] thread ID 1787920 not found in process
[0729/085018.178:WARNING:crash_report_exception_handler.cc(60)] ProcessSnapshotWin::Initialize failed
[0729/085018.178:ERROR:scoped_process_suspend.cc(38)] NtResumeProcess: 已尝试访问正在退出的过程。  (0xc000010a)
[0729/085949.457:ERROR:process_info.cc(343)] VirtualQueryEx: 拒绝访问。 (0x5)
[0729/085949.457:ERROR:process_info.cc(564)] ReadMemoryInfo failed
[0729/085949.956:ERROR:process_reader_win.cc(99)] process 1757680 not found
[0729/085949.957:ERROR:exception_snapshot_win.cc(87)] thread ID 1789112 not found in process
[0729/085949.957:WARNING:crash_report_exception_handler.cc(60)] ProcessSnapshotWin::Initialize failed
[0729/085949.957:ERROR:scoped_process_suspend.cc(38)] NtResumeProcess: 已尝试访问正在退出的过程。  (0xc000010a)
[0729/085949.988:ERROR:process_reader_win.cc(99)] process 1604616 not found
[0729/085949.988:ERROR:exception_snapshot_win.cc(87)] thread ID 1777752 not found in process
[0729/085949.988:WARNING:crash_report_exception_handler.cc(60)] ProcessSnapshotWin::Initialize failed
[0729/085949.988:ERROR:scoped_process_suspend.cc(38)] NtResumeProcess: 已尝试访问正在退出的过程。  (0xc000010a)
[0731/135216.023:ERROR:process_reader_win.cc(233)] ReadMemory at 0x5264c28 of 32768 bytes failed: 仅完成部分的 ReadProcessMemory 或 WriteProcessMemory 请求。 (0x12B)
[0731/135216.024:WARNING:pe_image_annotations_reader.cc(65)] could not read simple annotations from C:\Program Files (x86)\Google\Chrome\Application\57.0.2987.133\chrome_elf.dll
[0731/143001.505:ERROR:process_reader_win.cc(99)] process 2001112 not found
[0731/143001.505:ERROR:exception_snapshot_win.cc(87)] thread ID 1979700 not found in process
[0731/143001.505:WARNING:crash_report_exception_handler.cc(60)] ProcessSnapshotWin::Initialize failed
[0731/143001.505:ERROR:scoped_process_suspend.cc(38)] NtResumeProcess: 已尝试访问正在退出的过程。  (0xc000010a)
[0731/143150.191:ERROR:process_reader_win.cc(99)] process 2004644 not found
[0731/143150.191:ERROR:exception_snapshot_win.cc(87)] thread ID 2003260 not found in process
[0731/143150.191:WARNING:crash_report_exception_handler.cc(60)] ProcessSnapshotWin::Initialize failed
[0731/143150.191:ERROR:scoped_process_suspend.cc(38)] NtResumeProcess: 已尝试访问正在退出的过程。  (0xc000010a)
